2020-10-09T16:18:09-0400 [INFO    ] dandi Traversing remote dandisets (000006) recursively
2020-10-09T16:18:09-0400 [INFO    ] backups2datalad.py Updating metadata file
2020-10-09T16:18:12-0400 [INFO    ] backups2datalad.py Syncing asset /sub-anm369962/sub-anm369962_ses-20170309.nwb
2020-10-09T16:18:12-0400 [WARNING ] backups2datalad.py Asset metadata does not include sha256 hash
2020-10-09T16:18:12-0400 [INFO    ] backups2datalad.py Asset in dataset, hash not available, and size is unchanged; will not update
2020-10-09T16:18:12-0400 [INFO    ] backups2datalad.py Syncing asset /sub-anm369962/sub-anm369962_ses-20170310.nwb
2020-10-09T16:18:12-0400 [WARNING ] backups2datalad.py Asset metadata does not include sha256 hash
2020-10-09T16:18:13-0400 [INFO    ] backups2datalad.py Asset in dataset, hash not available, and size is unchanged; will not update
2020-10-09T16:18:13-0400 [INFO    ] backups2datalad.py Syncing asset /sub-anm369962/sub-anm369962_ses-20170313.nwb
2020-10-09T16:18:13-0400 [WARNING ] backups2datalad.py Asset metadata does not include sha256 hash
2020-10-09T16:18:13-0400 [INFO    ] backups2datalad.py Asset in dataset, hash not available, and size is unchanged; will not update
2020-10-09T16:18:13-0400 [INFO    ] backups2datalad.py Syncing asset /sub-anm369962/sub-anm369962_ses-20170314.nwb
2020-10-09T16:18:13-0400 [WARNING ] backups2datalad.py Asset metadata does not include sha256 hash
2020-10-09T16:18:13-0400 [INFO    ] backups2datalad.py Asset in dataset, hash not available, and size is unchanged; will not update
2020-10-09T16:18:13-0400 [INFO    ] backups2datalad.py Syncing asset /sub-anm369962/sub-anm369962_ses-20170316.nwb
2020-10-09T16:18:13-0400 [WARNING ] backups2datalad.py Asset metadata does not include sha256 hash
2020-10-09T16:18:13-0400 [INFO    ] backups2datalad.py Asset in dataset, hash not available, and size is unchanged; will not update
2020-10-09T16:18:13-0400 [INFO    ] backups2datalad.py Syncing asset /sub-anm369962/sub-anm369962_ses-20170317.nwb
2020-10-09T16:18:13-0400 [WARNING ] backups2datalad.py Asset metadata does not include sha256 hash
2020-10-09T16:18:14-0400 [INFO    ] backups2datalad.py Asset in dataset, hash not available, and size is unchanged; will not update
2020-10-09T16:18:14-0400 [INFO    ] backups2datalad.py Syncing asset /sub-anm369963/sub-anm369963_ses-20170226.nwb
2020-10-09T16:18:14-0400 [WARNING ] backups2datalad.py Asset metadata does not include sha256 hash
2020-10-09T16:18:14-0400 [INFO    ] backups2datalad.py Asset in dataset, hash not available, and size is unchanged; will not update
2020-10-09T16:18:14-0400 [INFO    ] backups2datalad.py Syncing asset /sub-anm369963/sub-anm369963_ses-20170227.nwb
2020-10-09T16:18:14-0400 [WARNING ] backups2datalad.py Asset metadata does not include sha256 hash
2020-10-09T16:18:14-0400 [INFO    ] backups2datalad.py Asset in dataset, hash not available, and size is unchanged; will not update
2020-10-09T16:18:14-0400 [INFO    ] backups2datalad.py Syncing asset /sub-anm369963/sub-anm369963_ses-20170228.nwb
2020-10-09T16:18:14-0400 [WARNING ] backups2datalad.py Asset metadata does not include sha256 hash
2020-10-09T16:18:15-0400 [INFO    ] backups2datalad.py Asset in dataset, hash not available, and size is unchanged; will not update
2020-10-09T16:18:15-0400 [INFO    ] backups2datalad.py Syncing asset /sub-anm369963/sub-anm369963_ses-20170301.nwb
2020-10-09T16:18:15-0400 [WARNING ] backups2datalad.py Asset metadata does not include sha256 hash
2020-10-09T16:18:15-0400 [INFO    ] backups2datalad.py Asset in dataset, hash not available, and size is unchanged; will not update
2020-10-09T16:18:15-0400 [INFO    ] backups2datalad.py Syncing asset /sub-anm369963/sub-anm369963_ses-20170302.nwb
2020-10-09T16:18:15-0400 [WARNING ] backups2datalad.py Asset metadata does not include sha256 hash
2020-10-09T16:18:15-0400 [INFO    ] backups2datalad.py Asset in dataset, hash not available, and size is unchanged; will not update
2020-10-09T16:18:15-0400 [INFO    ] backups2datalad.py Syncing asset /sub-anm369963/sub-anm369963_ses-20170306.nwb
2020-10-09T16:18:15-0400 [WARNING ] backups2datalad.py Asset metadata does not include sha256 hash
2020-10-09T16:18:15-0400 [INFO    ] backups2datalad.py Asset in dataset, hash not available, and size is unchanged; will not update
2020-10-09T16:18:15-0400 [INFO    ] backups2datalad.py Syncing asset /sub-anm369963/sub-anm369963_ses-20170309.nwb
2020-10-09T16:18:15-0400 [WARNING ] backups2datalad.py Asset metadata does not include sha256 hash
2020-10-09T16:18:16-0400 [INFO    ] backups2datalad.py Asset in dataset, hash not available, and size is unchanged; will not update
2020-10-09T16:18:16-0400 [INFO    ] backups2datalad.py Syncing asset /sub-anm369963/sub-anm369963_ses-20170310.nwb
2020-10-09T16:18:16-0400 [WARNING ] backups2datalad.py Asset metadata does not include sha256 hash
2020-10-09T16:18:16-0400 [INFO    ] backups2datalad.py Asset in dataset, hash not available, and size is unchanged; will not update
2020-10-09T16:18:16-0400 [INFO    ] backups2datalad.py Syncing asset /sub-anm369964/sub-anm369964_ses-20170320.nwb
2020-10-09T16:18:16-0400 [WARNING ] backups2datalad.py Asset metadata does not include sha256 hash
2020-10-09T16:18:16-0400 [INFO    ] backups2datalad.py Asset in dataset, hash not available, and size is unchanged; will not update
2020-10-09T16:18:16-0400 [INFO    ] backups2datalad.py Syncing asset /sub-anm369964/sub-anm369964_ses-20170321.nwb
2020-10-09T16:18:16-0400 [WARNING ] backups2datalad.py Asset metadata does not include sha256 hash
2020-10-09T16:18:17-0400 [INFO    ] backups2datalad.py Asset in dataset, hash not available, and size is unchanged; will not update
2020-10-09T16:18:17-0400 [INFO    ] backups2datalad.py Syncing asset /sub-anm369964/sub-anm369964_ses-20170322.nwb
2020-10-09T16:18:17-0400 [WARNING ] backups2datalad.py Asset metadata does not include sha256 hash
2020-10-09T16:18:17-0400 [INFO    ] backups2datalad.py Asset in dataset, hash not available, and size is unchanged; will not update
2020-10-09T16:18:17-0400 [INFO    ] backups2datalad.py Syncing asset /sub-anm369964/sub-anm369964_ses-20170323.nwb
2020-10-09T16:18:17-0400 [WARNING ] backups2datalad.py Asset metadata does not include sha256 hash
2020-10-09T16:18:17-0400 [INFO    ] backups2datalad.py Asset in dataset, hash not available, and size is unchanged; will not update
2020-10-09T16:18:17-0400 [INFO    ] backups2datalad.py Syncing asset /sub-anm372793/sub-anm372793_ses-20170504.nwb
2020-10-09T16:18:17-0400 [WARNING ] backups2datalad.py Asset metadata does not include sha256 hash
2020-10-09T16:18:17-0400 [INFO    ] backups2datalad.py Asset in dataset, hash not available, and size is unchanged; will not update
2020-10-09T16:18:17-0400 [INFO    ] backups2datalad.py Syncing asset /sub-anm372793/sub-anm372793_ses-20170508.nwb
2020-10-09T16:18:17-0400 [WARNING ] backups2datalad.py Asset metadata does not include sha256 hash
2020-10-09T16:18:18-0400 [INFO    ] backups2datalad.py Asset in dataset, hash not available, and size is unchanged; will not update
2020-10-09T16:18:18-0400 [INFO    ] backups2datalad.py Syncing asset /sub-anm372793/sub-anm372793_ses-20170512.nwb
2020-10-09T16:18:18-0400 [WARNING ] backups2datalad.py Asset metadata does not include sha256 hash
2020-10-09T16:18:18-0400 [INFO    ] backups2datalad.py Asset in dataset, hash not available, and size is unchanged; will not update
2020-10-09T16:18:18-0400 [INFO    ] backups2datalad.py Syncing asset /sub-anm372793/sub-anm372793_ses-20170513.nwb
2020-10-09T16:18:18-0400 [WARNING ] backups2datalad.py Asset metadata does not include sha256 hash
2020-10-09T16:18:18-0400 [INFO    ] backups2datalad.py Asset in dataset, hash not available, and size is unchanged; will not update
2020-10-09T16:18:18-0400 [INFO    ] backups2datalad.py Syncing asset /sub-anm372793/sub-anm372793_ses-20170514.nwb
2020-10-09T16:18:18-0400 [WARNING ] backups2datalad.py Asset metadata does not include sha256 hash
2020-10-09T16:18:19-0400 [INFO    ] backups2datalad.py Asset in dataset, hash not available, and size is unchanged; will not update
2020-10-09T16:18:19-0400 [INFO    ] backups2datalad.py Syncing asset /sub-anm372794/sub-anm372794_ses-20170621.nwb
2020-10-09T16:18:19-0400 [WARNING ] backups2datalad.py Asset metadata does not include sha256 hash
2020-10-09T16:18:19-0400 [INFO    ] backups2datalad.py Asset in dataset, hash not available, and size is unchanged; will not update
2020-10-09T16:18:19-0400 [INFO    ] backups2datalad.py Syncing asset /sub-anm372794/sub-anm372794_ses-20170622.nwb
2020-10-09T16:18:19-0400 [WARNING ] backups2datalad.py Asset metadata does not include sha256 hash
2020-10-09T16:18:19-0400 [INFO    ] backups2datalad.py Asset in dataset, hash not available, and size is unchanged; will not update
2020-10-09T16:18:19-0400 [INFO    ] backups2datalad.py Syncing asset /sub-anm372794/sub-anm372794_ses-20170624.nwb
2020-10-09T16:18:19-0400 [WARNING ] backups2datalad.py Asset metadata does not include sha256 hash
2020-10-09T16:18:20-0400 [INFO    ] backups2datalad.py Asset in dataset, hash not available, and size is unchanged; will not update
2020-10-09T16:18:20-0400 [INFO    ] backups2datalad.py Syncing asset /sub-anm372794/sub-anm372794_ses-20170625.nwb
2020-10-09T16:18:20-0400 [WARNING ] backups2datalad.py Asset metadata does not include sha256 hash
2020-10-09T16:18:20-0400 [INFO    ] backups2datalad.py Asset in dataset, hash not available, and size is unchanged; will not update
2020-10-09T16:18:20-0400 [INFO    ] backups2datalad.py Syncing asset /sub-anm372794/sub-anm372794_ses-20170626.nwb
2020-10-09T16:18:20-0400 [WARNING ] backups2datalad.py Asset metadata does not include sha256 hash
2020-10-09T16:18:20-0400 [INFO    ] backups2datalad.py Asset in dataset, hash not available, and size is unchanged; will not update
2020-10-09T16:18:20-0400 [INFO    ] backups2datalad.py Syncing asset /sub-anm372794/sub-anm372794_ses-20170627.nwb
2020-10-09T16:18:20-0400 [WARNING ] backups2datalad.py Asset metadata does not include sha256 hash
2020-10-09T16:18:21-0400 [INFO    ] backups2datalad.py Asset in dataset, hash not available, and size is unchanged; will not update
2020-10-09T16:18:21-0400 [INFO    ] backups2datalad.py Syncing asset /sub-anm372795/sub-anm372795_ses-20170714.nwb
2020-10-09T16:18:21-0400 [WARNING ] backups2datalad.py Asset metadata does not include sha256 hash
2020-10-09T16:18:21-0400 [INFO    ] backups2datalad.py Asset in dataset, hash not available, and size is unchanged; will not update
2020-10-09T16:18:21-0400 [INFO    ] backups2datalad.py Syncing asset /sub-anm372795/sub-anm372795_ses-20170715.nwb
2020-10-09T16:18:21-0400 [WARNING ] backups2datalad.py Asset metadata does not include sha256 hash
2020-10-09T16:18:21-0400 [INFO    ] backups2datalad.py Asset in dataset, hash not available, and size is unchanged; will not update
2020-10-09T16:18:21-0400 [INFO    ] backups2datalad.py Syncing asset /sub-anm372795/sub-anm372795_ses-20170716.nwb
2020-10-09T16:18:21-0400 [WARNING ] backups2datalad.py Asset metadata does not include sha256 hash
2020-10-09T16:18:21-0400 [INFO    ] backups2datalad.py Asset in dataset, hash not available, and size is unchanged; will not update
2020-10-09T16:18:21-0400 [INFO    ] backups2datalad.py Syncing asset /sub-anm372795/sub-anm372795_ses-20170718.nwb
2020-10-09T16:18:21-0400 [WARNING ] backups2datalad.py Asset metadata does not include sha256 hash
2020-10-09T16:18:22-0400 [INFO    ] backups2datalad.py Asset in dataset, hash not available, and size is unchanged; will not update
2020-10-09T16:18:22-0400 [INFO    ] backups2datalad.py Syncing asset /sub-anm372797/sub-anm372797_ses-20170615.nwb
2020-10-09T16:18:22-0400 [WARNING ] backups2datalad.py Asset metadata does not include sha256 hash
2020-10-09T16:18:22-0400 [INFO    ] backups2datalad.py Asset in dataset, hash not available, and size is unchanged; will not update
2020-10-09T16:18:22-0400 [INFO    ] backups2datalad.py Syncing asset /sub-anm372797/sub-anm372797_ses-20170617.nwb
2020-10-09T16:18:22-0400 [WARNING ] backups2datalad.py Asset metadata does not include sha256 hash
2020-10-09T16:18:22-0400 [INFO    ] backups2datalad.py Asset in dataset, hash not available, and size is unchanged; will not update
2020-10-09T16:18:22-0400 [INFO    ] backups2datalad.py Syncing asset /sub-anm372904/sub-anm372904_ses-20170615.nwb
2020-10-09T16:18:22-0400 [WARNING ] backups2datalad.py Asset metadata does not include sha256 hash
2020-10-09T16:18:22-0400 [INFO    ] backups2datalad.py Asset in dataset, hash not available, and size is unchanged; will not update
2020-10-09T16:18:22-0400 [INFO    ] backups2datalad.py Syncing asset /sub-anm372904/sub-anm372904_ses-20170616.nwb
2020-10-09T16:18:22-0400 [WARNING ] backups2datalad.py Asset metadata does not include sha256 hash
2020-10-09T16:18:23-0400 [INFO    ] backups2datalad.py Asset in dataset, hash not available, and size is unchanged; will not update
2020-10-09T16:18:23-0400 [INFO    ] backups2datalad.py Syncing asset /sub-anm372904/sub-anm372904_ses-20170617.nwb
2020-10-09T16:18:23-0400 [WARNING ] backups2datalad.py Asset metadata does not include sha256 hash
2020-10-09T16:18:23-0400 [INFO    ] backups2datalad.py Asset in dataset, hash not available, and size is unchanged; will not update
2020-10-09T16:18:23-0400 [INFO    ] backups2datalad.py Syncing asset /sub-anm372904/sub-anm372904_ses-20170618.nwb
2020-10-09T16:18:23-0400 [WARNING ] backups2datalad.py Asset metadata does not include sha256 hash
2020-10-09T16:18:23-0400 [INFO    ] backups2datalad.py Asset in dataset, hash not available, and size is unchanged; will not update
2020-10-09T16:18:23-0400 [INFO    ] backups2datalad.py Syncing asset /sub-anm372904/sub-anm372904_ses-20170619.nwb
2020-10-09T16:18:23-0400 [WARNING ] backups2datalad.py Asset metadata does not include sha256 hash
2020-10-09T16:18:24-0400 [INFO    ] backups2datalad.py Asset in dataset, hash not available, and size is unchanged; will not update
2020-10-09T16:18:24-0400 [INFO    ] backups2datalad.py Syncing asset /sub-anm372905/sub-anm372905_ses-20170715.nwb
2020-10-09T16:18:24-0400 [WARNING ] backups2datalad.py Asset metadata does not include sha256 hash
2020-10-09T16:18:24-0400 [INFO    ] backups2datalad.py Asset in dataset, hash not available, and size is unchanged; will not update
2020-10-09T16:18:24-0400 [INFO    ] backups2datalad.py Syncing asset /sub-anm372905/sub-anm372905_ses-20170716.nwb
2020-10-09T16:18:24-0400 [WARNING ] backups2datalad.py Asset metadata does not include sha256 hash
2020-10-09T16:18:24-0400 [INFO    ] backups2datalad.py Asset in dataset, hash not available, and size is unchanged; will not update
2020-10-09T16:18:24-0400 [INFO    ] backups2datalad.py Syncing asset /sub-anm372905/sub-anm372905_ses-20170717.nwb
2020-10-09T16:18:24-0400 [WARNING ] backups2datalad.py Asset metadata does not include sha256 hash
2020-10-09T16:18:24-0400 [INFO    ] backups2datalad.py Asset in dataset, hash not available, and size is unchanged; will not update
2020-10-09T16:18:24-0400 [INFO    ] backups2datalad.py Syncing asset /sub-anm372906/sub-anm372906_ses-20170608.nwb
2020-10-09T16:18:24-0400 [WARNING ] backups2datalad.py Asset metadata does not include sha256 hash
2020-10-09T16:18:25-0400 [INFO    ] backups2datalad.py Asset in dataset, hash not available, and size is unchanged; will not update
2020-10-09T16:18:25-0400 [INFO    ] backups2datalad.py Syncing asset /sub-anm372906/sub-anm372906_ses-20170610.nwb
2020-10-09T16:18:25-0400 [WARNING ] backups2datalad.py Asset metadata does not include sha256 hash
2020-10-09T16:18:25-0400 [INFO    ] backups2datalad.py Asset in dataset, hash not available, and size is unchanged; will not update
2020-10-09T16:18:25-0400 [INFO    ] backups2datalad.py Syncing asset /sub-anm372906/sub-anm372906_ses-20170611.nwb
2020-10-09T16:18:25-0400 [WARNING ] backups2datalad.py Asset metadata does not include sha256 hash
2020-10-09T16:18:25-0400 [INFO    ] backups2datalad.py Asset in dataset, hash not available, and size is unchanged; will not update
2020-10-09T16:18:25-0400 [INFO    ] backups2datalad.py Syncing asset /sub-anm372906/sub-anm372906_ses-20170612.nwb
2020-10-09T16:18:25-0400 [WARNING ] backups2datalad.py Asset metadata does not include sha256 hash
2020-10-09T16:18:26-0400 [INFO    ] backups2datalad.py Asset in dataset, hash not available, and size is unchanged; will not update
2020-10-09T16:18:26-0400 [INFO    ] backups2datalad.py Syncing asset /sub-anm372907/sub-anm372907_ses-20170608.nwb
2020-10-09T16:18:26-0400 [WARNING ] backups2datalad.py Asset metadata does not include sha256 hash
2020-10-09T16:18:26-0400 [INFO    ] backups2datalad.py Asset in dataset, hash not available, and size is unchanged; will not update
2020-10-09T16:18:26-0400 [INFO    ] backups2datalad.py Syncing asset /sub-anm372907/sub-anm372907_ses-20170610.nwb
2020-10-09T16:18:26-0400 [WARNING ] backups2datalad.py Asset metadata does not include sha256 hash
2020-10-09T16:18:26-0400 [INFO    ] backups2datalad.py Asset in dataset, hash not available, and size is unchanged; will not update
2020-10-09T16:18:26-0400 [INFO    ] backups2datalad.py Syncing asset /sub-anm372907/sub-anm372907_ses-20170612.nwb
2020-10-09T16:18:26-0400 [WARNING ] backups2datalad.py Asset metadata does not include sha256 hash
2020-10-09T16:18:26-0400 [INFO    ] backups2datalad.py Asset in dataset, hash not available, and size is unchanged; will not update
2020-10-09T16:18:26-0400 [INFO    ] backups2datalad.py Syncing asset /sub-anm372907/sub-anm372907_ses-20170613.nwb
2020-10-09T16:18:26-0400 [WARNING ] backups2datalad.py Asset metadata does not include sha256 hash
2020-10-09T16:18:27-0400 [INFO    ] backups2datalad.py Asset in dataset, hash not available, and size is unchanged; will not update
2020-10-09T16:18:27-0400 [INFO    ] backups2datalad.py Syncing asset /sub-anm372909/sub-anm372909_ses-20170520.nwb
2020-10-09T16:18:27-0400 [WARNING ] backups2datalad.py Asset metadata does not include sha256 hash
2020-10-09T16:18:27-0400 [INFO    ] backups2datalad.py Asset in dataset, hash not available, and size is unchanged; will not update
2020-10-09T16:18:27-0400 [INFO    ] backups2datalad.py Syncing asset /sub-anm372909/sub-anm372909_ses-20170522.nwb
2020-10-09T16:18:27-0400 [WARNING ] backups2datalad.py Asset metadata does not include sha256 hash
2020-10-09T16:18:27-0400 [INFO    ] backups2datalad.py Asset in dataset, hash not available, and size is unchanged; will not update
2020-10-09T16:18:27-0400 [INFO    ] backups2datalad.py Commiting changes
